EC_KEY (CA):
   Private-Key: (256 bit)
   priv:
       d3:39:d2:35:08:c8:8c:f8:20:4e:dc:82:7c:87:c6:
       99:4c:94:e8:8e:ad:39:bb:ff:3d:37:0a:33:a5:08:
       22:6f
   pub:
       04:b6:bc:16:a5:22:a8:f1:14:b2:81:fd:97:e9:c1:
       50:ce:f2:07:08:6b:61:e5:0d:ef:c8:65:02:20:9a:
       14:49:ea:01:91:29:51:92:24:5e:ed:c4:69:d8:01:
       3e:2c:f1:0b:21:f3:bd:26:ab:d6:30:71:90:94:df:
       a6:df:90:88:db
   ASN1 OID: secp256k1
EC_POINT (G): 0479BE667EF9DCBBAC55A06295CE870B07029BFCDB2DCE28D959F2815B16F81798483ADA7726A3C4655DA4FBFC0E1108A8FD17B448A68554199C47D08FFB10D4B8
BIGNUM (order): FFFFFFFFFFFFFFFFFFFFFFFFFFFFFFFEBAAEDCE6AF48A03BBFD25E8CD0364141
[Server]
EC_POINT (alphaG): 04E94AEE773B56E50F980F2848AB44674CE3AE3FF5463B25FABA9597489B4E99455A792D73D0FF12C91AE97304EE1445B7FD3F98ABFE0D2F311305AB7232C2121C
BIGNUM (k): EC9796DE4EA1CE5DC027A14BD667FA219C0B863848DA9B7BC56BA46C615660E4
EC_POINT (kG): 04EBE19A95EE09CEA775A8C472CC5590E91F561E9F75BCA8FBD23CFA5011B6C6F188575EE75126BA0DBF2FF887610DFA1D845E19D82EB89974E87FB7A12F0E82D4
EC_POINT (Pu): 04516E330CD198E6DB9FBB505740E6D6615B5B54DD1AFDFF4E65A04E8E889B4B718DD39492292724835663420327E075BD9D9626B41A1C8FBD0E5583A772230501
BIGNUM (e): D298A6BA4B23B5039F413B23AF4A6EE8FB5883833C2648EFDC069F7D8DAB308A
BIGNUM (ek): C2A16DDA67E89914C4B9DE3096FD49E887BB298A74A00A1A59F180CFB2042134DEB4F25EB835D91EBBF2452B3475D0A68CC4D54C8603DFB9838F7810F706FAE8
BIGNUM (r): EDC39C5BC568FB7BACC7E21C99FB739B6F0BFC9D3B4BBCBA24F78D6603AE2403
EC_POINT (alphaG): 04737D4D741D6E846C67C42926D3BE22D6609E9E74599EF891233EE3BD565901F9A305809BE97B70A80DFFFD7CA9919198459F61E3D9D18EE9CB896CA8A265D1DF
BIGNUM (k): 5D0426C72924DB1388539767BDC12F3CA2AF8A0E26B24B22264077597F1205E1
EC_POINT (kG): 0459C3DDFD4236B479D759E9586AEC8D180D992BBFF7A3E7A4A0EBC9CD85FF82B5C00D8F8B32391432E4C481957285183D1DF67F7A209067B32C964D5B5638F6B9
EC_POINT (Pu): 04B0272CD6CB8512646835672BE01E7070E3EFBEA911C8EA587B253A1F7DB36C4BFB939B8ED138B480BE4DE4B026B118F623E4426029825DE3878CF448C29A5579
BIGNUM (e): 09C0512205EC5D602A6AB341205949418D5FF1FA8B6C5424BE4581B1949A37FB
BIGNUM (ek): 038B05F4C2CA4853351D73D836B2BEAE7D58F3F09E46135F639EF83C16ABB7F9CA37719D8E9390BBACDB667D0E727B5949FE2A8624242E4068378CDB13491A9B
BIGNUM (r): EA90A12F724768C04603804DE2AE95AE0445F4CEAC236C703BFAF3183ED2F06F
