EC_POINT (G): 0479BE667EF9DCBBAC55A06295CE870B07029BFCDB2DCE28D959F2815B16F81798483ADA7726A3C4655DA4FBFC0E1108A8FD17B448A68554199C47D08FFB10D4B8
BIGNUM (order): FFFFFFFFFFFFFFFFFFFFFFFFFFFFFFFEBAAEDCE6AF48A03BBFD25E8CD0364141
EC_KEY (CA):
   Public-Key: (256 bit)
   pub:
       04:b6:bc:16:a5:22:a8:f1:14:b2:81:fd:97:e9:c1:
       50:ce:f2:07:08:6b:61:e5:0d:ef:c8:65:02:20:9a:
       14:49:ea:01:91:29:51:92:24:5e:ed:c4:69:d8:01:
       3e:2c:f1:0b:21:f3:bd:26:ab:d6:30:71:90:94:df:
       a6:df:90:88:db
   ASN1 OID: secp256k1
[Client]
BIGNUM (alpha): CA2E2C67F9C91133C5A3C97530111CBE6FA6268DE2B2FE86E5586184833649A9
EC_POINT (alphaG): 04737D4D741D6E846C67C42926D3BE22D6609E9E74599EF891233EE3BD565901F9A305809BE97B70A80DFFFD7CA9919198459F61E3D9D18EE9CB896CA8A265D1DF
[Client]
BIGNUM (e): 09C0512205EC5D602A6AB341205949418D5FF1FA8B6C5424BE4581B1949A37FB
BIGNUM (r): EA90A12F724768C04603804DE2AE95AE0445F4CEAC236C703BFAF3183ED2F06F
BIGNUM (ealpha): 07B38244709FC76D349A1EBC08AAD258AD0CCAEB67EFE44748EB9E38CE8466C15001ABD2E0A7E4566B66B7B7EB15AF720BD7904DAB5E43E27C617D3453B787B3
BIGNUM (qa): 104B56E43AD181D0761FCC8F6123F182893183C34AC200BBE2C3026A564AECF7
EC_POINT (efii): 04E51FD58FC18499979815735486A7FE97A31277BE2BD40F8737B5517F5E04F35FBE3DFABDA83DF57A23F3AA376760374AF82817A6AD8B71AA1154BCCFC7AB6296
EC_POINT (Qa): 043D468A601B5DD11BE5CD067128BBDBF5EB4E469B2D44C9DE4F41AFE0077D741B0FE0AAD0E37FB6A938FD81F4E7D79FA8E10BBE6A9584674C8D7AB8E2B243EFDA
EC_KEY (CLIENT):
   Private-Key: (256 bit)
   priv:
       10:4b:56:e4:3a:d1:81:d0:76:1f:cc:8f:61:23:f1:
       82:89:31:83:c3:4a:c2:00:bb:e2:c3:02:6a:56:4a:
       ec:f7
   pub:
       04:3d:46:8a:60:1b:5d:d1:1b:e5:cd:06:71:28:bb:
       db:f5:eb:4e:46:9b:2d:44:c9:de:4f:41:af:e0:07:
       7d:74:1b:0f:e0:aa:d0:e3:7f:b6:a9:38:fd:81:f4:
       e7:d7:9f:a8:e1:0b:be:6a:95:84:67:4c:8d:7a:b8:
       e2:b2:43:ef:da
   ASN1 OID: secp256k1
